<?xml version="1.0" encoding="UTF-8"?>
<!-- Generated by org.testng.reporters.JUnitXMLReporter -->
<testsuite ignored="0" hostname="LAPTOP-QN3UJFPU" failures="0" tests="6" name="Expedia Test" time="8.581" errors="0" timestamp="2022-09-29T10:43:31 IDT">
  <testcase classname="TestWithDP" name="testExpediaLinks" time="1.195"/>
  <testcase classname="TestWithDP" name="testExpediaLinks" time="1.421"/>
  <testcase classname="TestWithDP" name="testExpediaLinks" time="1.048"/>
  <testcase classname="TestWithDP" name="testExpediaLinks" time="1.067"/>
  <testcase classname="TestWithDP" name="testExpediaLinks" time="1.008"/>
  <testcase classname="TestWithDP" name="testExpediaLinks" time="1.046"/>
</testsuite> <!-- Expedia Test -->
