<?xml version="1.0" encoding="UTF-8" ?>
<testsuite tests="6" failures="0" name="TestSuite" time="6.788" errors="0" skipped="0">
  <properties>
[...]
</properties>
  <testcase classname="TestWithDP" name="testExpediaLinks" time="1.198"/>
  <testcase classname="TestWithDP" name="testExpediaLinks" time="1.422"/>
  <testcase classname="TestWithDP" name="testExpediaLinks" time="1.048"/>
  <testcase classname="TestWithDP" name="testExpediaLinks" time="1.068"/>
  <testcase classname="TestWithDP" name="testExpediaLinks" time="1.007"/>
  <testcase classname="TestWithDP" name="testExpediaLinks" time="1.045"/>
</testsuite>